object(app\models\IQS)#130 (10) {
  ["imei"] => string(15) "358951060791854"
  ["imei2"] => NULL
  ["imei_info"] => array(2) {
    ["warrantyInfo"] => array(10) {
      ["aodInfoList"] => array(0) {
      }
      ["entitleInfo"] => array(0) {
      }
      ["machineInfo"] => array(10) {
        ["buildDate"] => array(0) {
        }
        ["model"] => array(0) {
        }
        ["product"] => string(11) "AP3593AE7X3"
        ["productName"] => string(36) "MOTOROLA,XT1572,RETAIL,BLK,SEA1 32GB"
        ["serial"] => string(10) "Q287DE23N9"
        ["status"] => string(2) "SH"
        ["type"] => string(4) "XXXX"
        ["IMEI"] => string(15) "358951060791854"
        ["POP_DATE"] => array(0) {
        }
        ["SWAPIMEI"] => array(0) {
        }
      }
      ["partInfoList"] => array(0) {
      }
      ["serviceInfo"] => array(11) {
        ["channelid"] => array(0) {
        }
        ["countryCode"] => string(2) "TH"
        ["countryDesc"] => string(8) "Thailand"
        ["deliveryNbr"] => array(0) {
        }
        ["geo"] => string(3) "ASN"
        ["wtyAttr"] => array(0) {
        }
        ["sdf"] => string(4) "MS15"
        ["sdfDesc"] => string(22) "Standard warranty code"
        ["shipDate"] => string(10) "2016-03-05"
        ["warstart"] => string(10) "2016-03-05"
        ["wed"] => string(10) "2017-06-04"
      }
      ["contractInfoList"] => array(0) {
      }
      ["X86Contract"] => array(0) {
      }
      ["upmaList"] => array(0) {
      }
      ["PROD_HIE"] => array(0) {
      }
      ["BP"] => array(0) {
      }
    }
    ["xmlMessages"] => array(1) {
      ["xmlMessage"] => array(1) {
        ["@attributes"] => array(1) {
          ["type"] => string(6) "system"
        }
      }
    }
  }
  ["imei2_info"] => NULL
  ["errors":"app\models\IQS":private] => array(0) {
  }
  ["xml":"app\models\IQS":private] => array(1) {
    ["xml"] => string(227) "<wiInputForm source=spiceworks><id>SELFDEV</id><pw>SELFDEV</pw><language>English</language><type></type><product></product><serial>imei358951060791854</serial><country></country><service/><parts/><upma/><machine/></wiInputForm>"
  }
  ["iqs_url":"app\models\IQS":private] => string(39) "http://ibase.lenovo.com/POIRequest.aspx"
  ["iqs_validate_url":"app\models\IQS":private] => string(40) "http://ibase.lenovo.com/IMEIRequest.aspx"
  ["iqs_failover_url":"app\models\IQS":private] => string(42) "http://csp.lenovo.com/ibapp/POIRequest.jsp"
  ["status"] => bool(true)
}
-------------------------------------------------------------------------------------------------------
string(39) "http://ibase.lenovo.com/POIRequest.aspx"

